2026-05-22 19:57:48,376 - INFO - Found credentials in environment variables.
2026-05-22 19:57:48,908 - INFO - Scanning EC2 instances in region: us-east-1
2026-05-22 19:57:50,593 - ERROR - EC2 scanning failed: An error occurred (AuthFailure) when calling the DescribeInstances operation: AWS was not able to validate the provided access credentials
2026-05-22 20:02:40,437 - INFO - Found credentials in environment variables.
2026-05-22 20:02:40,661 - INFO - Scanning EC2 instances in region: us-east-1
2026-05-22 20:02:42,241 - ERROR - EC2 scanning failed: An error occurred (AuthFailure) when calling the DescribeInstances operation: AWS was not able to validate the provided access credentials
2026-05-22 20:02:42,261 - INFO - Scanning EBS volumes in region: us-east-1
2026-05-22 20:02:43,802 - ERROR - EBS scanning failed: An error occurred (AuthFailure) when calling the DescribeVolumes operation: AWS was not able to validate the provided access credentials
2026-05-22 20:02:43,820 - INFO - Scanning Elastic IPs in region: us-east-1
2026-05-22 20:02:45,410 - ERROR - Elastic IP scanning failed: An error occurred (AuthFailure) when calling the DescribeAddresses operation: AWS was not able to validate the provided access credentials
2026-05-22 20:02:45,425 - WARNING - No EC2 data available for CSV report generation
2026-05-24 14:12:59,089 - INFO - Found credentials in environment variables.
2026-05-24 14:13:00,578 - INFO - Scanning EC2 instances in region: us-east-1
2026-05-24 14:13:06,450 - ERROR - EC2 scanning failed: An error occurred (AuthFailure) when calling the DescribeInstances operation: AWS was not able to validate the provided access credentials
2026-05-24 14:13:06,500 - INFO - Scanning EBS volumes in region: us-east-1
2026-05-24 14:13:11,075 - ERROR - EBS scanning failed: An error occurred (AuthFailure) when calling the DescribeVolumes operation: AWS was not able to validate the provided access credentials
2026-05-24 14:13:11,109 - INFO - Scanning Elastic IPs in region: us-east-1
2026-05-24 14:13:15,086 - ERROR - Elastic IP scanning failed: An error occurred (AuthFailure) when calling the DescribeAddresses operation: AWS was not able to validate the provided access credentials
2026-05-24 14:13:15,127 - WARNING - No EC2 data available for CSV report generation
2026-05-24 14:15:55,424 - INFO - Found credentials in environment variables.
2026-05-24 14:15:56,279 - INFO - Scanning EC2 instances in region: us-east-1
2026-05-24 14:16:00,521 - ERROR - EC2 scanning failed: An error occurred (AuthFailure) when calling the DescribeInstances operation: AWS was not able to validate the provided access credentials
2026-05-24 14:16:00,552 - INFO - Scanning EBS volumes in region: us-east-1
2026-05-24 14:16:04,366 - ERROR - EBS scanning failed: An error occurred (AuthFailure) when calling the DescribeVolumes operation: AWS was not able to validate the provided access credentials
2026-05-24 14:16:04,411 - INFO - Scanning Elastic IPs in region: us-east-1
2026-05-24 14:16:09,758 - ERROR - Elastic IP scanning failed: An error occurred (AuthFailure) when calling the DescribeAddresses operation: AWS was not able to validate the provided access credentials
2026-05-24 14:16:09,789 - WARNING - No EC2 data available for CSV report generation
